The system is: Linux - 5.0.0-36-generic - x86_64
Compiling the C compiler identification source file "CMakeCCompilerId.c" succeeded.
Compiler: /home/yyatsenko/work/qnx700/host/linux/x86_64/usr/bin/qcc 
Build flags: 
Id flags:  

The output was:
0


Compilation of the C compiler identification source "CMakeCCompilerId.c" produced "a.out"

The C compiler identification is GNU, found in "/home/yyatsenko/AndroidStudioProjects/BoardSystemMonitor/BoardSystemMonitorServer/build/CMakeFiles/3.10.2/CompilerIdC/a.out"

Compiling the CXX compiler identification source file "CMakeCXXCompilerId.cpp" succeeded.
Compiler: /home/yyatsenko/work/qnx700/host/linux/x86_64/usr/bin/q++ 
Build flags: 
Id flags:  

The output was:
0


Compilation of the CXX compiler identification source "CMakeCXXCompilerId.cpp" produced "a.out"

The CXX compiler identification is GNU, found in "/home/yyatsenko/AndroidStudioProjects/BoardSystemMonitor/BoardSystemMonitorServer/build/CMakeFiles/3.10.2/CompilerIdCXX/a.out"

Determining if the C compiler works passed with the following output:
Change Dir: /home/yyatsenko/AndroidStudioProjects/BoardSystemMonitor/BoardSystemMonitorServer/build/CMakeFiles/CMakeTmp

Run Build Command:"/usr/bin/make" "cmTC_e399c/fast"
/usr/bin/make -f CMakeFiles/cmTC_e399c.dir/build.make CMakeFiles/cmTC_e399c.dir/build
make[1]: Entering directory '/home/yyatsenko/AndroidStudioProjects/BoardSystemMonitor/BoardSystemMonitorServer/build/CMakeFiles/CMakeTmp'
Building C object CMakeFiles/cmTC_e399c.dir/testCCompiler.c.o
/home/yyatsenko/work/qnx700/host/linux/x86_64/usr/bin/qcc    -o CMakeFiles/cmTC_e399c.dir/testCCompiler.c.o   -c /home/yyatsenko/AndroidStudioProjects/BoardSystemMonitor/BoardSystemMonitorServer/build/CMakeFiles/CMakeTmp/testCCompiler.c
Linking C executable cmTC_e399c
/usr/bin/cmake -E cmake_link_script CMakeFiles/cmTC_e399c.dir/link.txt --verbose=1
/home/yyatsenko/work/qnx700/host/linux/x86_64/usr/bin/qcc      CMakeFiles/cmTC_e399c.dir/testCCompiler.c.o  -o cmTC_e399c 
make[1]: Leaving directory '/home/yyatsenko/AndroidStudioProjects/BoardSystemMonitor/BoardSystemMonitorServer/build/CMakeFiles/CMakeTmp'


Detecting C compiler ABI info compiled with the following output:
Change Dir: /home/yyatsenko/AndroidStudioProjects/BoardSystemMonitor/BoardSystemMonitorServer/build/CMakeFiles/CMakeTmp

Run Build Command:"/usr/bin/make" "cmTC_4177b/fast"
/usr/bin/make -f CMakeFiles/cmTC_4177b.dir/build.make CMakeFiles/cmTC_4177b.dir/build
make[1]: Entering directory '/home/yyatsenko/AndroidStudioProjects/BoardSystemMonitor/BoardSystemMonitorServer/build/CMakeFiles/CMakeTmp'
Building C object CMakeFiles/cmTC_4177b.dir/CMakeCCompilerABI.c.o
/home/yyatsenko/work/qnx700/host/linux/x86_64/usr/bin/qcc    -o CMakeFiles/cmTC_4177b.dir/CMakeCCompilerABI.c.o   -c /usr/share/cmake-3.10/Modules/CMakeCCompilerABI.c
Linking C executable cmTC_4177b
/usr/bin/cmake -E cmake_link_script CMakeFiles/cmTC_4177b.dir/link.txt --verbose=1
/home/yyatsenko/work/qnx700/host/linux/x86_64/usr/bin/qcc     -v CMakeFiles/cmTC_4177b.dir/CMakeCCompilerABI.c.o  -o cmTC_4177b 
cc: looking for gcc_ntox86 in /home/yyatsenko/qnx700/host/linux/x86_64//etc/qcc/gcc/5.4.0/gcc_ntox86++.conf
cc: looking for gcc_ntox86 in /home/yyatsenko/qnx700/host/linux/x86_64//etc/qcc/gcc/5.4.0/gcc_ntox86.conf
/home/yyatsenko/qnx700/host/linux/x86_64//usr/bin/i586-pc-nto-qnx7.0.0-ld -plugin=/home/yyatsenko/qnx700/host/linux/x86_64//usr/lib/gcc/i586-pc-nto-qnx7.0.0/5.4.0/liblto_plugin.so -plugin-opt=/home/yyatsenko/qnx700/host/linux/x86_64//usr/lib/gcc/i586-pc-nto-qnx7.0.0/5.4.0/lto-wrapper -plugin-opt=-fresolution=/tmp/fileY7VlwG_qcc_11240/tmp_qcc_11240.res -b elf32-i386 -m i386nto --dynamic-linker /usr/lib/ldqnx.so.2 --sysroot=/home/yyatsenko/qnx700/target/qnx7//x86/ --hash-style=gnu --build-id=md5 --warn-shared-textrel -zrelro -znow -pie --eh-frame-hdr /home/yyatsenko/qnx700/target/qnx7//x86/lib/crt1S.o /home/yyatsenko/qnx700/target/qnx7//x86/lib/crti.o /home/yyatsenko/qnx700/host/linux/x86_64//usr/lib/gcc/i586-pc-nto-qnx7.0.0/5.4.0/pic/crtbegin.o CMakeFiles/cmTC_4177b.dir/CMakeCCompilerABI.c.o -o cmTC_4177b -rpath-link /home/yyatsenko/qnx700/target/qnx7//x86/lib:/home/yyatsenko/qnx700/target/qnx7//x86/usr/lib:/home/yyatsenko/qnx700/target/qnx7//x86/lib/gcc/5.4.0:/home/yyatsenko/qnx700/target/qnx7//x86/opt/lib -Y/home/yyatsenko/qnx700/target/qnx7//x86/lib:/home/yyatsenko/qnx700/target/qnx7//x86/usr/lib:/home/yyatsenko/qnx700/target/qnx7//x86/opt/lib -L/home/yyatsenko/qnx700/host/linux/x86_64//usr/lib/gcc/i586-pc-nto-qnx7.0.0/5.4.0 -L/home/yyatsenko/qnx700/target/qnx7//x86/lib/gcc/5.4.0 -L/home/yyatsenko/qnx700/target/qnx7//usr/i586-pc-nto-qnx7.0.0/lib -L/home/yyatsenko/qnx700/target/qnx7//x86/lib -L/home/yyatsenko/qnx700/target/qnx7//x86/usr/lib -L/home/yyatsenko/qnx700/target/qnx7//x86/opt/lib /home/yyatsenko/qnx700/host/linux/x86_64//usr/lib/gcc/i586-pc-nto-qnx7.0.0/5.4.0/pic/libgcc.a -lc -Bstatic -lcS /home/yyatsenko/qnx700/host/linux/x86_64//usr/lib/gcc/i586-pc-nto-qnx7.0.0/5.4.0/pic/libgcc.a /home/yyatsenko/qnx700/host/linux/x86_64//usr/lib/gcc/i586-pc-nto-qnx7.0.0/5.4.0/pic/crtend.o /home/yyatsenko/qnx700/target/qnx7//x86/lib/crtn.o
cc: unlinking /tmp/fileY7VlwG_qcc_11240/tmp_qcc_11240.res
cc: removing  /tmp/fileY7VlwG_qcc_11240
make[1]: Leaving directory '/home/yyatsenko/AndroidStudioProjects/BoardSystemMonitor/BoardSystemMonitorServer/build/CMakeFiles/CMakeTmp'


Parsed C implicit link information from above output:
  link line regex: [^( *|.*[/\])(ld|CMAKE_LINK_STARTFILE-NOTFOUND|([^/\]+-)?ld|collect2)[^/\]*( |$)]
  ignore line: [Change Dir: /home/yyatsenko/AndroidStudioProjects/BoardSystemMonitor/BoardSystemMonitorServer/build/CMakeFiles/CMakeTmp]
  ignore line: []
  ignore line: [Run Build Command:"/usr/bin/make" "cmTC_4177b/fast"]
  ignore line: [/usr/bin/make -f CMakeFiles/cmTC_4177b.dir/build.make CMakeFiles/cmTC_4177b.dir/build]
  ignore line: [make[1]: Entering directory '/home/yyatsenko/AndroidStudioProjects/BoardSystemMonitor/BoardSystemMonitorServer/build/CMakeFiles/CMakeTmp']
  ignore line: [Building C object CMakeFiles/cmTC_4177b.dir/CMakeCCompilerABI.c.o]
  ignore line: [/home/yyatsenko/work/qnx700/host/linux/x86_64/usr/bin/qcc    -o CMakeFiles/cmTC_4177b.dir/CMakeCCompilerABI.c.o   -c /usr/share/cmake-3.10/Modules/CMakeCCompilerABI.c]
  ignore line: [Linking C executable cmTC_4177b]
  ignore line: [/usr/bin/cmake -E cmake_link_script CMakeFiles/cmTC_4177b.dir/link.txt --verbose=1]
  ignore line: [/home/yyatsenko/work/qnx700/host/linux/x86_64/usr/bin/qcc     -v CMakeFiles/cmTC_4177b.dir/CMakeCCompilerABI.c.o  -o cmTC_4177b ]
  ignore line: [cc: looking for gcc_ntox86 in /home/yyatsenko/qnx700/host/linux/x86_64//etc/qcc/gcc/5.4.0/gcc_ntox86++.conf]
  ignore line: [cc: looking for gcc_ntox86 in /home/yyatsenko/qnx700/host/linux/x86_64//etc/qcc/gcc/5.4.0/gcc_ntox86.conf]
  link line: [/home/yyatsenko/qnx700/host/linux/x86_64//usr/bin/i586-pc-nto-qnx7.0.0-ld -plugin=/home/yyatsenko/qnx700/host/linux/x86_64//usr/lib/gcc/i586-pc-nto-qnx7.0.0/5.4.0/liblto_plugin.so -plugin-opt=/home/yyatsenko/qnx700/host/linux/x86_64//usr/lib/gcc/i586-pc-nto-qnx7.0.0/5.4.0/lto-wrapper -plugin-opt=-fresolution=/tmp/fileY7VlwG_qcc_11240/tmp_qcc_11240.res -b elf32-i386 -m i386nto --dynamic-linker /usr/lib/ldqnx.so.2 --sysroot=/home/yyatsenko/qnx700/target/qnx7//x86/ --hash-style=gnu --build-id=md5 --warn-shared-textrel -zrelro -znow -pie --eh-frame-hdr /home/yyatsenko/qnx700/target/qnx7//x86/lib/crt1S.o /home/yyatsenko/qnx700/target/qnx7//x86/lib/crti.o /home/yyatsenko/qnx700/host/linux/x86_64//usr/lib/gcc/i586-pc-nto-qnx7.0.0/5.4.0/pic/crtbegin.o CMakeFiles/cmTC_4177b.dir/CMakeCCompilerABI.c.o -o cmTC_4177b -rpath-link /home/yyatsenko/qnx700/target/qnx7//x86/lib:/home/yyatsenko/qnx700/target/qnx7//x86/usr/lib:/home/yyatsenko/qnx700/target/qnx7//x86/lib/gcc/5.4.0:/home/yyatsenko/qnx700/target/qnx7//x86/opt/lib -Y/home/yyatsenko/qnx700/target/qnx7//x86/lib:/home/yyatsenko/qnx700/target/qnx7//x86/usr/lib:/home/yyatsenko/qnx700/target/qnx7//x86/opt/lib -L/home/yyatsenko/qnx700/host/linux/x86_64//usr/lib/gcc/i586-pc-nto-qnx7.0.0/5.4.0 -L/home/yyatsenko/qnx700/target/qnx7//x86/lib/gcc/5.4.0 -L/home/yyatsenko/qnx700/target/qnx7//usr/i586-pc-nto-qnx7.0.0/lib -L/home/yyatsenko/qnx700/target/qnx7//x86/lib -L/home/yyatsenko/qnx700/target/qnx7//x86/usr/lib -L/home/yyatsenko/qnx700/target/qnx7//x86/opt/lib /home/yyatsenko/qnx700/host/linux/x86_64//usr/lib/gcc/i586-pc-nto-qnx7.0.0/5.4.0/pic/libgcc.a -lc -Bstatic -lcS /home/yyatsenko/qnx700/host/linux/x86_64//usr/lib/gcc/i586-pc-nto-qnx7.0.0/5.4.0/pic/libgcc.a /home/yyatsenko/qnx700/host/linux/x86_64//usr/lib/gcc/i586-pc-nto-qnx7.0.0/5.4.0/pic/crtend.o /home/yyatsenko/qnx700/target/qnx7//x86/lib/crtn.o]
    arg [/home/yyatsenko/qnx700/host/linux/x86_64//usr/bin/i586-pc-nto-qnx7.0.0-ld] ==> ignore
    arg [-plugin=/home/yyatsenko/qnx700/host/linux/x86_64//usr/lib/gcc/i586-pc-nto-qnx7.0.0/5.4.0/liblto_plugin.so] ==> ignore
    arg [-plugin-opt=/home/yyatsenko/qnx700/host/linux/x86_64//usr/lib/gcc/i586-pc-nto-qnx7.0.0/5.4.0/lto-wrapper] ==> ignore
    arg [-plugin-opt=-fresolution=/tmp/fileY7VlwG_qcc_11240/tmp_qcc_11240.res] ==> ignore
    arg [-b] ==> ignore
    arg [elf32-i386] ==> ignore
    arg [-m] ==> ignore
    arg [i386nto] ==> ignore
    arg [--dynamic-linker] ==> ignore
    arg [/usr/lib/ldqnx.so.2] ==> ignore
    arg [--sysroot=/home/yyatsenko/qnx700/target/qnx7//x86/] ==> ignore
    arg [--hash-style=gnu] ==> ignore
    arg [--build-id=md5] ==> ignore
    arg [--warn-shared-textrel] ==> ignore
    arg [-zrelro] ==> ignore
    arg [-znow] ==> ignore
    arg [-pie] ==> ignore
    arg [--eh-frame-hdr] ==> ignore
    arg [/home/yyatsenko/qnx700/target/qnx7//x86/lib/crt1S.o] ==> ignore
    arg [/home/yyatsenko/qnx700/target/qnx7//x86/lib/crti.o] ==> ignore
    arg [/home/yyatsenko/qnx700/host/linux/x86_64//usr/lib/gcc/i586-pc-nto-qnx7.0.0/5.4.0/pic/crtbegin.o] ==> ignore
    arg [CMakeFiles/cmTC_4177b.dir/CMakeCCompilerABI.c.o] ==> ignore
    arg [-o] ==> ignore
    arg [cmTC_4177b] ==> ignore
    arg [-rpath-link] ==> ignore
    arg [/home/yyatsenko/qnx700/target/qnx7//x86/lib:/home/yyatsenko/qnx700/target/qnx7//x86/usr/lib:/home/yyatsenko/qnx700/target/qnx7//x86/lib/gcc/5.4.0:/home/yyatsenko/qnx700/target/qnx7//x86/opt/lib] ==> ignore
    arg [-Y/home/yyatsenko/qnx700/target/qnx7//x86/lib:/home/yyatsenko/qnx700/target/qnx7//x86/usr/lib:/home/yyatsenko/qnx700/target/qnx7//x86/opt/lib] ==> dirs [/home/yyatsenko/qnx700/target/qnx7//x86/lib;/home/yyatsenko/qnx700/target/qnx7//x86/usr/lib;/home/yyatsenko/qnx700/target/qnx7//x86/opt/lib]
    arg [-L/home/yyatsenko/qnx700/host/linux/x86_64//usr/lib/gcc/i586-pc-nto-qnx7.0.0/5.4.0] ==> dir [/home/yyatsenko/qnx700/host/linux/x86_64//usr/lib/gcc/i586-pc-nto-qnx7.0.0/5.4.0]
    arg [-L/home/yyatsenko/qnx700/target/qnx7//x86/lib/gcc/5.4.0] ==> dir [/home/yyatsenko/qnx700/target/qnx7//x86/lib/gcc/5.4.0]
    arg [-L/home/yyatsenko/qnx700/target/qnx7//usr/i586-pc-nto-qnx7.0.0/lib] ==> dir [/home/yyatsenko/qnx700/target/qnx7//usr/i586-pc-nto-qnx7.0.0/lib]
    arg [-L/home/yyatsenko/qnx700/target/qnx7//x86/lib] ==> dir [/home/yyatsenko/qnx700/target/qnx7//x86/lib]
    arg [-L/home/yyatsenko/qnx700/target/qnx7//x86/usr/lib] ==> dir [/home/yyatsenko/qnx700/target/qnx7//x86/usr/lib]
    arg [-L/home/yyatsenko/qnx700/target/qnx7//x86/opt/lib] ==> dir [/home/yyatsenko/qnx700/target/qnx7//x86/opt/lib]
    arg [/home/yyatsenko/qnx700/host/linux/x86_64//usr/lib/gcc/i586-pc-nto-qnx7.0.0/5.4.0/pic/libgcc.a] ==> lib [/home/yyatsenko/qnx700/host/linux/x86_64//usr/lib/gcc/i586-pc-nto-qnx7.0.0/5.4.0/pic/libgcc.a]
    arg [-lc] ==> lib [c]
    arg [-Bstatic] ==> ignore
    arg [-lcS] ==> lib [cS]
    arg [/home/yyatsenko/qnx700/host/linux/x86_64//usr/lib/gcc/i586-pc-nto-qnx7.0.0/5.4.0/pic/libgcc.a] ==> lib [/home/yyatsenko/qnx700/host/linux/x86_64//usr/lib/gcc/i586-pc-nto-qnx7.0.0/5.4.0/pic/libgcc.a]
    arg [/home/yyatsenko/qnx700/host/linux/x86_64//usr/lib/gcc/i586-pc-nto-qnx7.0.0/5.4.0/pic/crtend.o] ==> ignore
    arg [/home/yyatsenko/qnx700/target/qnx7//x86/lib/crtn.o] ==> ignore
  collapse lib [/home/yyatsenko/qnx700/host/linux/x86_64//usr/lib/gcc/i586-pc-nto-qnx7.0.0/5.4.0/pic/libgcc.a] ==> [/home/yyatsenko/qnx700/host/linux/x86_64/usr/lib/gcc/i586-pc-nto-qnx7.0.0/5.4.0/pic/libgcc.a]
  collapse lib [/home/yyatsenko/qnx700/host/linux/x86_64//usr/lib/gcc/i586-pc-nto-qnx7.0.0/5.4.0/pic/libgcc.a] ==> [/home/yyatsenko/qnx700/host/linux/x86_64/usr/lib/gcc/i586-pc-nto-qnx7.0.0/5.4.0/pic/libgcc.a]
  collapse library dir [/home/yyatsenko/qnx700/target/qnx7//x86/lib] ==> [/home/yyatsenko/qnx700/target/qnx7/x86/lib]
  collapse library dir [/home/yyatsenko/qnx700/target/qnx7//x86/usr/lib] ==> [/home/yyatsenko/qnx700/target/qnx7/x86/usr/lib]
  collapse library dir [/home/yyatsenko/qnx700/target/qnx7//x86/opt/lib] ==> [/home/yyatsenko/qnx700/target/qnx7/x86/opt/lib]
  collapse library dir [/home/yyatsenko/qnx700/host/linux/x86_64//usr/lib/gcc/i586-pc-nto-qnx7.0.0/5.4.0] ==> [/home/yyatsenko/qnx700/host/linux/x86_64/usr/lib/gcc/i586-pc-nto-qnx7.0.0/5.4.0]
  collapse library dir [/home/yyatsenko/qnx700/target/qnx7//x86/lib/gcc/5.4.0] ==> [/home/yyatsenko/qnx700/target/qnx7/x86/lib/gcc/5.4.0]
  collapse library dir [/home/yyatsenko/qnx700/target/qnx7//usr/i586-pc-nto-qnx7.0.0/lib] ==> [/home/yyatsenko/qnx700/target/qnx7/usr/i586-pc-nto-qnx7.0.0/lib]
  collapse library dir [/home/yyatsenko/qnx700/target/qnx7//x86/lib] ==> [/home/yyatsenko/qnx700/target/qnx7/x86/lib]
  collapse library dir [/home/yyatsenko/qnx700/target/qnx7//x86/usr/lib] ==> [/home/yyatsenko/qnx700/target/qnx7/x86/usr/lib]
  collapse library dir [/home/yyatsenko/qnx700/target/qnx7//x86/opt/lib] ==> [/home/yyatsenko/qnx700/target/qnx7/x86/opt/lib]
  implicit libs: [/home/yyatsenko/qnx700/host/linux/x86_64/usr/lib/gcc/i586-pc-nto-qnx7.0.0/5.4.0/pic/libgcc.a;c;cS;/home/yyatsenko/qnx700/host/linux/x86_64/usr/lib/gcc/i586-pc-nto-qnx7.0.0/5.4.0/pic/libgcc.a]
  implicit dirs: [/home/yyatsenko/qnx700/target/qnx7/x86/lib;/home/yyatsenko/qnx700/target/qnx7/x86/usr/lib;/home/yyatsenko/qnx700/target/qnx7/x86/opt/lib;/home/yyatsenko/qnx700/host/linux/x86_64/usr/lib/gcc/i586-pc-nto-qnx7.0.0/5.4.0;/home/yyatsenko/qnx700/target/qnx7/x86/lib/gcc/5.4.0;/home/yyatsenko/qnx700/target/qnx7/usr/i586-pc-nto-qnx7.0.0/lib]
  implicit fwks: []


Determining if the CXX compiler works passed with the following output:
Change Dir: /home/yyatsenko/AndroidStudioProjects/BoardSystemMonitor/BoardSystemMonitorServer/build/CMakeFiles/CMakeTmp

Run Build Command:"/usr/bin/make" "cmTC_17f83/fast"
/usr/bin/make -f CMakeFiles/cmTC_17f83.dir/build.make CMakeFiles/cmTC_17f83.dir/build
make[1]: Entering directory '/home/yyatsenko/AndroidStudioProjects/BoardSystemMonitor/BoardSystemMonitorServer/build/CMakeFiles/CMakeTmp'
Building CXX object CMakeFiles/cmTC_17f83.dir/testCXXCompiler.cxx.o
/home/yyatsenko/work/qnx700/host/linux/x86_64/usr/bin/q++ -lang-c++    -o CMakeFiles/cmTC_17f83.dir/testCXXCompiler.cxx.o -c /home/yyatsenko/AndroidStudioProjects/BoardSystemMonitor/BoardSystemMonitorServer/build/CMakeFiles/CMakeTmp/testCXXCompiler.cxx
Linking CXX executable cmTC_17f83
/usr/bin/cmake -E cmake_link_script CMakeFiles/cmTC_17f83.dir/link.txt --verbose=1
/home/yyatsenko/work/qnx700/host/linux/x86_64/usr/bin/q++ -lang-c++      CMakeFiles/cmTC_17f83.dir/testCXXCompiler.cxx.o  -o cmTC_17f83 
make[1]: Leaving directory '/home/yyatsenko/AndroidStudioProjects/BoardSystemMonitor/BoardSystemMonitorServer/build/CMakeFiles/CMakeTmp'


Detecting CXX compiler ABI info compiled with the following output:
Change Dir: /home/yyatsenko/AndroidStudioProjects/BoardSystemMonitor/BoardSystemMonitorServer/build/CMakeFiles/CMakeTmp

Run Build Command:"/usr/bin/make" "cmTC_04c1f/fast"
/usr/bin/make -f CMakeFiles/cmTC_04c1f.dir/build.make CMakeFiles/cmTC_04c1f.dir/build
make[1]: Entering directory '/home/yyatsenko/AndroidStudioProjects/BoardSystemMonitor/BoardSystemMonitorServer/build/CMakeFiles/CMakeTmp'
Building CXX object CMakeFiles/cmTC_04c1f.dir/CMakeCXXCompilerABI.cpp.o
/home/yyatsenko/work/qnx700/host/linux/x86_64/usr/bin/q++ -lang-c++    -o CMakeFiles/cmTC_04c1f.dir/CMakeCXXCompilerABI.cpp.o -c /usr/share/cmake-3.10/Modules/CMakeCXXCompilerABI.cpp
Linking CXX executable cmTC_04c1f
/usr/bin/cmake -E cmake_link_script CMakeFiles/cmTC_04c1f.dir/link.txt --verbose=1
/home/yyatsenko/work/qnx700/host/linux/x86_64/usr/bin/q++ -lang-c++     -v CMakeFiles/cmTC_04c1f.dir/CMakeCXXCompilerABI.cpp.o  -o cmTC_04c1f 
cc: looking for gcc_ntox86 in /home/yyatsenko/qnx700/host/linux/x86_64//etc/qcc/gcc/5.4.0/gcc_ntox86++.conf
cc: looking for gcc_ntox86 in /home/yyatsenko/qnx700/host/linux/x86_64//etc/qcc/gcc/5.4.0/gcc_ntox86.conf
/home/yyatsenko/qnx700/host/linux/x86_64//usr/bin/i586-pc-nto-qnx7.0.0-ld -plugin=/home/yyatsenko/qnx700/host/linux/x86_64//usr/lib/gcc/i586-pc-nto-qnx7.0.0/5.4.0/liblto_plugin.so -plugin-opt=/home/yyatsenko/qnx700/host/linux/x86_64//usr/lib/gcc/i586-pc-nto-qnx7.0.0/5.4.0/lto-wrapper -plugin-opt=-fresolution=/tmp/fileg0ORLN_qcc_11264/tmp_qcc_11264.res -b elf32-i386 -m i386nto --dynamic-linker /usr/lib/ldqnx.so.2 --sysroot=/home/yyatsenko/qnx700/target/qnx7//x86/ --hash-style=gnu --build-id=md5 --warn-shared-textrel -zrelro -znow -pie --eh-frame-hdr /home/yyatsenko/qnx700/target/qnx7//x86/lib/crt1S.o /home/yyatsenko/qnx700/target/qnx7//x86/lib/crti.o /home/yyatsenko/qnx700/host/linux/x86_64//usr/lib/gcc/i586-pc-nto-qnx7.0.0/5.4.0/pic/crtbegin.o CMakeFiles/cmTC_04c1f.dir/CMakeCXXCompilerABI.cpp.o -o cmTC_04c1f -rpath-link /home/yyatsenko/qnx700/target/qnx7//x86/lib:/home/yyatsenko/qnx700/target/qnx7//x86/usr/lib:/home/yyatsenko/qnx700/target/qnx7//x86/lib/gcc/5.4.0:/home/yyatsenko/qnx700/target/qnx7//x86/opt/lib -Y/home/yyatsenko/qnx700/target/qnx7//x86/lib:/home/yyatsenko/qnx700/target/qnx7//x86/usr/lib:/home/yyatsenko/qnx700/target/qnx7//x86/opt/lib -L/home/yyatsenko/qnx700/host/linux/x86_64//usr/lib/gcc/i586-pc-nto-qnx7.0.0/5.4.0/ -L/home/yyatsenko/qnx700/target/qnx7//x86/lib/gcc/5.4.0 -L/home/yyatsenko/qnx700/target/qnx7//usr/i586-pc-nto-qnx7.0.0/lib/ -L/home/yyatsenko/qnx700/target/qnx7//x86/lib/ -L/home/yyatsenko/qnx700/target/qnx7//x86/lib -L/home/yyatsenko/qnx700/target/qnx7//x86/usr/lib -L/home/yyatsenko/qnx700/target/qnx7//x86/opt/lib -lc++ -lm /home/yyatsenko/qnx700/host/linux/x86_64//usr/lib/gcc/i586-pc-nto-qnx7.0.0/5.4.0/pic/libgcc.a -lc -Bstatic -lcS /home/yyatsenko/qnx700/host/linux/x86_64//usr/lib/gcc/i586-pc-nto-qnx7.0.0/5.4.0/pic/libgcc.a /home/yyatsenko/qnx700/host/linux/x86_64//usr/lib/gcc/i586-pc-nto-qnx7.0.0/5.4.0/pic/crtend.o /home/yyatsenko/qnx700/target/qnx7//x86/lib/crtn.o
cc: unlinking /tmp/fileg0ORLN_qcc_11264/tmp_qcc_11264.res
cc: removing  /tmp/fileg0ORLN_qcc_11264
make[1]: Leaving directory '/home/yyatsenko/AndroidStudioProjects/BoardSystemMonitor/BoardSystemMonitorServer/build/CMakeFiles/CMakeTmp'


Parsed CXX implicit link information from above output:
  link line regex: [^( *|.*[/\])(ld|CMAKE_LINK_STARTFILE-NOTFOUND|([^/\]+-)?ld|collect2)[^/\]*( |$)]
  ignore line: [Change Dir: /home/yyatsenko/AndroidStudioProjects/BoardSystemMonitor/BoardSystemMonitorServer/build/CMakeFiles/CMakeTmp]
  ignore line: []
  ignore line: [Run Build Command:"/usr/bin/make" "cmTC_04c1f/fast"]
  ignore line: [/usr/bin/make -f CMakeFiles/cmTC_04c1f.dir/build.make CMakeFiles/cmTC_04c1f.dir/build]
  ignore line: [make[1]: Entering directory '/home/yyatsenko/AndroidStudioProjects/BoardSystemMonitor/BoardSystemMonitorServer/build/CMakeFiles/CMakeTmp']
  ignore line: [Building CXX object CMakeFiles/cmTC_04c1f.dir/CMakeCXXCompilerABI.cpp.o]
  ignore line: [/home/yyatsenko/work/qnx700/host/linux/x86_64/usr/bin/q++ -lang-c++    -o CMakeFiles/cmTC_04c1f.dir/CMakeCXXCompilerABI.cpp.o -c /usr/share/cmake-3.10/Modules/CMakeCXXCompilerABI.cpp]
  ignore line: [Linking CXX executable cmTC_04c1f]
  ignore line: [/usr/bin/cmake -E cmake_link_script CMakeFiles/cmTC_04c1f.dir/link.txt --verbose=1]
  ignore line: [/home/yyatsenko/work/qnx700/host/linux/x86_64/usr/bin/q++ -lang-c++     -v CMakeFiles/cmTC_04c1f.dir/CMakeCXXCompilerABI.cpp.o  -o cmTC_04c1f ]
  ignore line: [cc: looking for gcc_ntox86 in /home/yyatsenko/qnx700/host/linux/x86_64//etc/qcc/gcc/5.4.0/gcc_ntox86++.conf]
  ignore line: [cc: looking for gcc_ntox86 in /home/yyatsenko/qnx700/host/linux/x86_64//etc/qcc/gcc/5.4.0/gcc_ntox86.conf]
  link line: [/home/yyatsenko/qnx700/host/linux/x86_64//usr/bin/i586-pc-nto-qnx7.0.0-ld -plugin=/home/yyatsenko/qnx700/host/linux/x86_64//usr/lib/gcc/i586-pc-nto-qnx7.0.0/5.4.0/liblto_plugin.so -plugin-opt=/home/yyatsenko/qnx700/host/linux/x86_64//usr/lib/gcc/i586-pc-nto-qnx7.0.0/5.4.0/lto-wrapper -plugin-opt=-fresolution=/tmp/fileg0ORLN_qcc_11264/tmp_qcc_11264.res -b elf32-i386 -m i386nto --dynamic-linker /usr/lib/ldqnx.so.2 --sysroot=/home/yyatsenko/qnx700/target/qnx7//x86/ --hash-style=gnu --build-id=md5 --warn-shared-textrel -zrelro -znow -pie --eh-frame-hdr /home/yyatsenko/qnx700/target/qnx7//x86/lib/crt1S.o /home/yyatsenko/qnx700/target/qnx7//x86/lib/crti.o /home/yyatsenko/qnx700/host/linux/x86_64//usr/lib/gcc/i586-pc-nto-qnx7.0.0/5.4.0/pic/crtbegin.o CMakeFiles/cmTC_04c1f.dir/CMakeCXXCompilerABI.cpp.o -o cmTC_04c1f -rpath-link /home/yyatsenko/qnx700/target/qnx7//x86/lib:/home/yyatsenko/qnx700/target/qnx7//x86/usr/lib:/home/yyatsenko/qnx700/target/qnx7//x86/lib/gcc/5.4.0:/home/yyatsenko/qnx700/target/qnx7//x86/opt/lib -Y/home/yyatsenko/qnx700/target/qnx7//x86/lib:/home/yyatsenko/qnx700/target/qnx7//x86/usr/lib:/home/yyatsenko/qnx700/target/qnx7//x86/opt/lib -L/home/yyatsenko/qnx700/host/linux/x86_64//usr/lib/gcc/i586-pc-nto-qnx7.0.0/5.4.0/ -L/home/yyatsenko/qnx700/target/qnx7//x86/lib/gcc/5.4.0 -L/home/yyatsenko/qnx700/target/qnx7//usr/i586-pc-nto-qnx7.0.0/lib/ -L/home/yyatsenko/qnx700/target/qnx7//x86/lib/ -L/home/yyatsenko/qnx700/target/qnx7//x86/lib -L/home/yyatsenko/qnx700/target/qnx7//x86/usr/lib -L/home/yyatsenko/qnx700/target/qnx7//x86/opt/lib -lc++ -lm /home/yyatsenko/qnx700/host/linux/x86_64//usr/lib/gcc/i586-pc-nto-qnx7.0.0/5.4.0/pic/libgcc.a -lc -Bstatic -lcS /home/yyatsenko/qnx700/host/linux/x86_64//usr/lib/gcc/i586-pc-nto-qnx7.0.0/5.4.0/pic/libgcc.a /home/yyatsenko/qnx700/host/linux/x86_64//usr/lib/gcc/i586-pc-nto-qnx7.0.0/5.4.0/pic/crtend.o /home/yyatsenko/qnx700/target/qnx7//x86/lib/crtn.o]
    arg [/home/yyatsenko/qnx700/host/linux/x86_64//usr/bin/i586-pc-nto-qnx7.0.0-ld] ==> ignore
    arg [-plugin=/home/yyatsenko/qnx700/host/linux/x86_64//usr/lib/gcc/i586-pc-nto-qnx7.0.0/5.4.0/liblto_plugin.so] ==> ignore
    arg [-plugin-opt=/home/yyatsenko/qnx700/host/linux/x86_64//usr/lib/gcc/i586-pc-nto-qnx7.0.0/5.4.0/lto-wrapper] ==> ignore
    arg [-plugin-opt=-fresolution=/tmp/fileg0ORLN_qcc_11264/tmp_qcc_11264.res] ==> ignore
    arg [-b] ==> ignore
    arg [elf32-i386] ==> ignore
    arg [-m] ==> ignore
    arg [i386nto] ==> ignore
    arg [--dynamic-linker] ==> ignore
    arg [/usr/lib/ldqnx.so.2] ==> ignore
    arg [--sysroot=/home/yyatsenko/qnx700/target/qnx7//x86/] ==> ignore
    arg [--hash-style=gnu] ==> ignore
    arg [--build-id=md5] ==> ignore
    arg [--warn-shared-textrel] ==> ignore
    arg [-zrelro] ==> ignore
    arg [-znow] ==> ignore
    arg [-pie] ==> ignore
    arg [--eh-frame-hdr] ==> ignore
    arg [/home/yyatsenko/qnx700/target/qnx7//x86/lib/crt1S.o] ==> ignore
    arg [/home/yyatsenko/qnx700/target/qnx7//x86/lib/crti.o] ==> ignore
    arg [/home/yyatsenko/qnx700/host/linux/x86_64//usr/lib/gcc/i586-pc-nto-qnx7.0.0/5.4.0/pic/crtbegin.o] ==> ignore
    arg [CMakeFiles/cmTC_04c1f.dir/CMakeCXXCompilerABI.cpp.o] ==> ignore
    arg [-o] ==> ignore
    arg [cmTC_04c1f] ==> ignore
    arg [-rpath-link] ==> ignore
    arg [/home/yyatsenko/qnx700/target/qnx7//x86/lib:/home/yyatsenko/qnx700/target/qnx7//x86/usr/lib:/home/yyatsenko/qnx700/target/qnx7//x86/lib/gcc/5.4.0:/home/yyatsenko/qnx700/target/qnx7//x86/opt/lib] ==> ignore
    arg [-Y/home/yyatsenko/qnx700/target/qnx7//x86/lib:/home/yyatsenko/qnx700/target/qnx7//x86/usr/lib:/home/yyatsenko/qnx700/target/qnx7//x86/opt/lib] ==> dirs [/home/yyatsenko/qnx700/target/qnx7//x86/lib;/home/yyatsenko/qnx700/target/qnx7//x86/usr/lib;/home/yyatsenko/qnx700/target/qnx7//x86/opt/lib]
    arg [-L/home/yyatsenko/qnx700/host/linux/x86_64//usr/lib/gcc/i586-pc-nto-qnx7.0.0/5.4.0/] ==> dir [/home/yyatsenko/qnx700/host/linux/x86_64//usr/lib/gcc/i586-pc-nto-qnx7.0.0/5.4.0/]
    arg [-L/home/yyatsenko/qnx700/target/qnx7//x86/lib/gcc/5.4.0] ==> dir [/home/yyatsenko/qnx700/target/qnx7//x86/lib/gcc/5.4.0]
    arg [-L/home/yyatsenko/qnx700/target/qnx7//usr/i586-pc-nto-qnx7.0.0/lib/] ==> dir [/home/yyatsenko/qnx700/target/qnx7//usr/i586-pc-nto-qnx7.0.0/lib/]
    arg [-L/home/yyatsenko/qnx700/target/qnx7//x86/lib/] ==> dir [/home/yyatsenko/qnx700/target/qnx7//x86/lib/]
    arg [-L/home/yyatsenko/qnx700/target/qnx7//x86/lib] ==> dir [/home/yyatsenko/qnx700/target/qnx7//x86/lib]
    arg [-L/home/yyatsenko/qnx700/target/qnx7//x86/usr/lib] ==> dir [/home/yyatsenko/qnx700/target/qnx7//x86/usr/lib]
    arg [-L/home/yyatsenko/qnx700/target/qnx7//x86/opt/lib] ==> dir [/home/yyatsenko/qnx700/target/qnx7//x86/opt/lib]
    arg [-lc++] ==> lib [c++]
    arg [-lm] ==> lib [m]
    arg [/home/yyatsenko/qnx700/host/linux/x86_64//usr/lib/gcc/i586-pc-nto-qnx7.0.0/5.4.0/pic/libgcc.a] ==> lib [/home/yyatsenko/qnx700/host/linux/x86_64//usr/lib/gcc/i586-pc-nto-qnx7.0.0/5.4.0/pic/libgcc.a]
    arg [-lc] ==> lib [c]
    arg [-Bstatic] ==> ignore
    arg [-lcS] ==> lib [cS]
    arg [/home/yyatsenko/qnx700/host/linux/x86_64//usr/lib/gcc/i586-pc-nto-qnx7.0.0/5.4.0/pic/libgcc.a] ==> lib [/home/yyatsenko/qnx700/host/linux/x86_64//usr/lib/gcc/i586-pc-nto-qnx7.0.0/5.4.0/pic/libgcc.a]
    arg [/home/yyatsenko/qnx700/host/linux/x86_64//usr/lib/gcc/i586-pc-nto-qnx7.0.0/5.4.0/pic/crtend.o] ==> ignore
    arg [/home/yyatsenko/qnx700/target/qnx7//x86/lib/crtn.o] ==> ignore
  collapse lib [/home/yyatsenko/qnx700/host/linux/x86_64//usr/lib/gcc/i586-pc-nto-qnx7.0.0/5.4.0/pic/libgcc.a] ==> [/home/yyatsenko/qnx700/host/linux/x86_64/usr/lib/gcc/i586-pc-nto-qnx7.0.0/5.4.0/pic/libgcc.a]
  collapse lib [/home/yyatsenko/qnx700/host/linux/x86_64//usr/lib/gcc/i586-pc-nto-qnx7.0.0/5.4.0/pic/libgcc.a] ==> [/home/yyatsenko/qnx700/host/linux/x86_64/usr/lib/gcc/i586-pc-nto-qnx7.0.0/5.4.0/pic/libgcc.a]
  collapse library dir [/home/yyatsenko/qnx700/target/qnx7//x86/lib] ==> [/home/yyatsenko/qnx700/target/qnx7/x86/lib]
  collapse library dir [/home/yyatsenko/qnx700/target/qnx7//x86/usr/lib] ==> [/home/yyatsenko/qnx700/target/qnx7/x86/usr/lib]
  collapse library dir [/home/yyatsenko/qnx700/target/qnx7//x86/opt/lib] ==> [/home/yyatsenko/qnx700/target/qnx7/x86/opt/lib]
  collapse library dir [/home/yyatsenko/qnx700/host/linux/x86_64//usr/lib/gcc/i586-pc-nto-qnx7.0.0/5.4.0/] ==> [/home/yyatsenko/qnx700/host/linux/x86_64/usr/lib/gcc/i586-pc-nto-qnx7.0.0/5.4.0]
  collapse library dir [/home/yyatsenko/qnx700/target/qnx7//x86/lib/gcc/5.4.0] ==> [/home/yyatsenko/qnx700/target/qnx7/x86/lib/gcc/5.4.0]
  collapse library dir [/home/yyatsenko/qnx700/target/qnx7//usr/i586-pc-nto-qnx7.0.0/lib/] ==> [/home/yyatsenko/qnx700/target/qnx7/usr/i586-pc-nto-qnx7.0.0/lib]
  collapse library dir [/home/yyatsenko/qnx700/target/qnx7//x86/lib/] ==> [/home/yyatsenko/qnx700/target/qnx7/x86/lib]
  collapse library dir [/home/yyatsenko/qnx700/target/qnx7//x86/lib] ==> [/home/yyatsenko/qnx700/target/qnx7/x86/lib]
  collapse library dir [/home/yyatsenko/qnx700/target/qnx7//x86/usr/lib] ==> [/home/yyatsenko/qnx700/target/qnx7/x86/usr/lib]
  collapse library dir [/home/yyatsenko/qnx700/target/qnx7//x86/opt/lib] ==> [/home/yyatsenko/qnx700/target/qnx7/x86/opt/lib]
  implicit libs: [c++;m;/home/yyatsenko/qnx700/host/linux/x86_64/usr/lib/gcc/i586-pc-nto-qnx7.0.0/5.4.0/pic/libgcc.a;c;cS;/home/yyatsenko/qnx700/host/linux/x86_64/usr/lib/gcc/i586-pc-nto-qnx7.0.0/5.4.0/pic/libgcc.a]
  implicit dirs: [/home/yyatsenko/qnx700/target/qnx7/x86/lib;/home/yyatsenko/qnx700/target/qnx7/x86/usr/lib;/home/yyatsenko/qnx700/target/qnx7/x86/opt/lib;/home/yyatsenko/qnx700/host/linux/x86_64/usr/lib/gcc/i586-pc-nto-qnx7.0.0/5.4.0;/home/yyatsenko/qnx700/target/qnx7/x86/lib/gcc/5.4.0;/home/yyatsenko/qnx700/target/qnx7/usr/i586-pc-nto-qnx7.0.0/lib]
  implicit fwks: []


